<?xml version="1.0" encoding="UTF-8"?>
<testng-results skipped="0" failed="0" ignored="0" total="1" passed="1">
  <reporter-output>
  </reporter-output>
  <suite name="Default suite" duration-ms="7019" started-at="2021-05-04T12:39:16Z" finished-at="2021-05-04T12:39:23Z">
    <groups>
    </groups>
    <test name="Default test" duration-ms="7019" started-at="2021-05-04T12:39:16Z" finished-at="2021-05-04T12:39:23Z">
      <class name="HttpMethods.Tests_DELETE">
        <test-method status="PASS" signature="test_4_delete()[pri:0, instance:HttpMethods.Tests_DELETE@b1cc93]" name="test_4_delete" duration-ms="6873" started-at="2021-05-04T12:39:16Z" finished-at="2021-05-04T12:39:23Z">
          <reporter-output>
          </reporter-output>
        </test-method> <!-- test_4_delete -->
      </class> <!-- HttpMethods.Tests_DELETE -->
    </test> <!-- Default test -->
  </suite> <!-- Default suite -->
</testng-results>
